Using pre-set license
Built from '2020.3/staging' branch; Version is '2020.3.18f1 (a7d1c678663c) revision 10998214'; Using compiler version '192528614'; Build Type 'Release'
OS: 'Windows 10 Home; OS build 19043.1466; Version 2009; 64bit' Language: 'tr' Physical Memory: 8024 MB
BatchMode: 1, IsHumanControllingUs: 0, StartBugReporterOnCrash: 0, Is64bit: 1, IsPro: 0

COMMAND LINE ARGUMENTS:
C:\Program Files\Unity\Hub\Editor\2020.3.18f1\Editor\Unity.exe
-adb2
-batchMode
-noUpm
-name
AssetImportWorker0
-projectPath
U:/UnityProjeler/Picker-3D-SmartPro-main
-logFile
Logs/AssetImportWorker0.log
-srvPort
49742
Successfully changed project path to: U:/UnityProjeler/Picker-3D-SmartPro-main
U:/UnityProjeler/Picker-3D-SmartPro-main
Using Asset Import Pipeline V2.
Refreshing native plugins compatible for Editor in 197.80 ms, found 3 plugins.
Preloading 0 native plugins for Editor in 0.00 ms.
Initialize engine version: 2020.3.18f1 (a7d1c678663c)
[Subsystems] Discovering subsystems at path C:/Program Files/Unity/Hub/Editor/2020.3.18f1/Editor/Data/Resources/UnitySubsystems
[Subsystems] Discovering subsystems at path U:/UnityProjeler/Picker-3D-SmartPro-main/Assets
GfxDevice: creating device client; threaded=0
Direct3D:
    Version:  Direct3D 11.0 [level 11.1]
    Renderer: Intel(R) UHD Graphics (ID=0x9b41)
    Vendor:   
    VRAM:     4012 MB
    Driver:   27.20.100.8681
Shader 'BOXOPHOBIC/Polyverse Skies/Simple': fallback shader 'False' not found
Shader 'BOXOPHOBIC/Polyverse Skies/Standard': fallback shader 'False' not found
Initialize mono
Mono path[0] = 'C:/Program Files/Unity/Hub/Editor/2020.3.18f1/Editor/Data/Managed'
Mono path[1] = 'C:/Program Files/Unity/Hub/Editor/2020.3.18f1/Editor/Data/MonoBleedingEdge/lib/mono/unityjit'
Mono config path = 'C:/Program Files/Unity/Hub/Editor/2020.3.18f1/Editor/Data/MonoBleedingEdge/etc'
Using monoOptions --debugger-agent=transport=dt_socket,embedding=1,server=y,suspend=n,address=127.0.0.1:56872
Begin MonoManager ReloadAssembly
Registering precompiled unity dll's ...
Register platform support module: C:/Program Files/Unity/Hub/Editor/2020.3.18f1/Editor/Data/PlaybackEngines/WebGLSupport/UnityEditor.WebGL.Extensions.dll
Register platform support module: C:/Program Files/Unity/Hub/Editor/2020.3.18f1/Editor/Data/PlaybackEngines/WindowsStandaloneSupport/UnityEditor.WindowsStandalone.Extensions.dll
Registered in 0.004167 seconds.
Native extension for WindowsStandalone target not found
Native extension for WebGL target not found
Refreshing native plugins compatible for Editor in 112.09 ms, found 3 plugins.
Preloading 0 native plugins for Editor in 0.00 ms.
Mono: successfully reloaded assembly
- Completed reload, in  2.646 seconds
Domain Reload Profiling:
	ReloadAssembly (2647ms)
		BeginReloadAssembly (74ms)
			ExecutionOrderSort (0ms)
			DisableScriptedObjects (0ms)
			BackupInstance (0ms)
			ReleaseScriptingObjects (0ms)
			CreateAndSetChildDomain (3ms)
		EndReloadAssembly (604ms)
			LoadAssemblies (68ms)
			RebuildTransferFunctionScriptingTraits (2ms)
			SetupTypeCache (190ms)
			ReleaseScriptCaches (0ms)
			RebuildScriptCaches (34ms)
			SetupLoadedEditorAssemblies (285ms)
				LogAssemblyErrors (0ms)
				InitializePlatformSupportModulesInManaged (7ms)
				SetLoadedEditorAssemblies (0ms)
				RefreshPlugins (112ms)
				BeforeProcessingInitializeOnLoad (19ms)
				ProcessInitializeOnLoadAttributes (100ms)
				ProcessInitializeOnLoadMethodAttributes (46ms)
				AfterProcessingInitializeOnLoad (0ms)
				EditorAssembliesLoaded (1ms)
			ExecutionOrderSort2 (0ms)
			AwakeInstancesAfterBackupRestoration (0ms)
Platform modules already initialized, skipping
Registering precompiled user dll's ...
Registered in 0.042333 seconds.
Begin MonoManager ReloadAssembly
Native extension for WindowsStandalone target not found
Native extension for WebGL target not found
Refreshing native plugins compatible for Editor in 118.18 ms, found 3 plugins.
Preloading 0 native plugins for Editor in 0.00 ms.
Mono: successfully reloaded assembly
- Completed reload, in  1.496 seconds
Domain Reload Profiling:
	ReloadAssembly (1498ms)
		BeginReloadAssembly (145ms)
			ExecutionOrderSort (0ms)
			DisableScriptedObjects (4ms)
			BackupInstance (0ms)
			ReleaseScriptingObjects (0ms)
			CreateAndSetChildDomain (23ms)
		EndReloadAssembly (1292ms)
			LoadAssemblies (162ms)
			RebuildTransferFunctionScriptingTraits (0ms)
			SetupTypeCache (434ms)
			ReleaseScriptCaches (1ms)
			RebuildScriptCaches (65ms)
			SetupLoadedEditorAssemblies (500ms)
				LogAssemblyErrors (0ms)
				InitializePlatformSupportModulesInManaged (6ms)
				SetLoadedEditorAssemblies (0ms)
				RefreshPlugins (118ms)
				BeforeProcessingInitializeOnLoad (105ms)
				ProcessInitializeOnLoadAttributes (257ms)
				ProcessInitializeOnLoadMethodAttributes (8ms)
				AfterProcessingInitializeOnLoad (5ms)
				EditorAssembliesLoaded (0ms)
			ExecutionOrderSort2 (0ms)
			AwakeInstancesAfterBackupRestoration (6ms)
Platform modules already initialized, skipping
========================================================================
Worker process is ready to serve import requests
Shader 'BOXOPHOBIC/Polyverse Skies/Simple': fallback shader 'False' not found
Shader 'BOXOPHOBIC/Polyverse Skies/Standard': fallback shader 'False' not found
Launched and connected shader compiler UnityShaderCompiler.exe after 0.09 seconds
Refreshing native plugins compatible for Editor in 1.17 ms, found 3 plugins.
Preloading 0 native plugins for Editor in 0.00 ms.
Unloading 3732 Unused Serialized files (Serialized files now loaded: 0)
System memory in use before: 236.1 MB.
System memory in use after: 236.3 MB.

Unloading 38 unused Assets to reduce memory usage. Loaded Objects now: 4177.
Total: 10.209300 ms (FindLiveObjects: 1.066100 ms CreateObjectMapping: 0.277400 ms MarkObjects: 8.816100 ms  DeleteObjects: 0.048100 ms)

AssetImportParameters requested are different than current active one (requested -> active):
  custom:framework-win-MediaFoundation: 216162199b28c13a410421893ffa2e32 -> 
  custom:video-decoder-ogg-theora: a1e56fd34408186e4bbccfd4996cb3dc -> 
  custom:container-muxer-webm: aa71ff27fc2769a1b78a27578f13a17b -> 
  custom:container-demuxer-webm: 4f35f7cbe854078d1ac9338744f61a02 -> 
  custom:container-demuxer-ogg: 62fdf1f143b41e24485cea50d1cbac27 -> 
  custom:video-encoder-webm-vp8: eb34c28f22e8b96e1ab97ce403110664 -> 
  custom:video-decoder-webm-vp8: 9c59270c3fd7afecdb556c50c9e8de78 -> 
  custom:audio-decoder-ogg-vorbis: bf7c407c2cedff20999df2af8eb42d56 -> 
  custom:audio-encoder-webm-vorbis: bf7c407c2cedff20999df2af8eb42d56 -> 
========================================================================
Received Import Request.
  path: Assets/TempAssets/GUI Mobile Hyper-Casual/Font/Bumpo.ttf
  artifactKey: Guid(0c61762d6ddc4c441975561ba143313b) Importer(815301076,1909f56bfc062723c751e8b465ee728b)
Start importing Assets/TempAssets/GUI Mobile Hyper-Casual/Font/Bumpo.ttf using Guid(0c61762d6ddc4c441975561ba143313b) Importer(815301076,1909f56bfc062723c751e8b465ee728b)  -> (artifact id: '9ec0d43cc868c85f5dd8d2f349ee2936') in 0.349452 seconds 
  Import took 0.359920 seconds .

========================================================================
Received Import Request.
  Time since last request: 82.640136 seconds.
  path: Assets/TempAssets/Epic Toon FX/Scripts/ETFXLightFade.cs
  artifactKey: Guid(2f54e17d705a2894d88787e24190ebfa) Importer(815301076,1909f56bfc062723c751e8b465ee728b)
Start importing Assets/TempAssets/Epic Toon FX/Scripts/ETFXLightFade.cs using Guid(2f54e17d705a2894d88787e24190ebfa) Importer(815301076,1909f56bfc062723c751e8b465ee728b)  -> (artifact id: '671765821ba7dd0d590ccb9c5d64e4cc') in 0.019866 seconds 
  Import took 0.036091 seconds .

========================================================================
Received Import Request.
  Time since last request: 0.279254 seconds.
  path: Assets/TempAssets/Epic Toon FX/Scripts/ETFXPitchRandomizer.cs
  artifactKey: Guid(628ef9b0c7e4fd24db54868035e11237) Importer(815301076,1909f56bfc062723c751e8b465ee728b)
Start importing Assets/TempAssets/Epic Toon FX/Scripts/ETFXPitchRandomizer.cs using Guid(628ef9b0c7e4fd24db54868035e11237) Importer(815301076,1909f56bfc062723c751e8b465ee728b)  -> (artifact id: '0a264153994deb268a7857ae584b5bfd') in 0.016427 seconds 
  Import took 0.030042 seconds .

========================================================================
Received Import Request.
  Time since last request: 0.326798 seconds.
  path: Assets/TempAssets/Epic Toon FX/Scripts/ETFXRotation.cs
  artifactKey: Guid(7faa64a828219b44cb0eb5bfbfa83524) Importer(815301076,1909f56bfc062723c751e8b465ee728b)
Start importing Assets/TempAssets/Epic Toon FX/Scripts/ETFXRotation.cs using Guid(7faa64a828219b44cb0eb5bfbfa83524) Importer(815301076,1909f56bfc062723c751e8b465ee728b)  -> (artifact id: '7545f8a4437f1dcd657112f9af6fb9ea') in 0.013807 seconds 
  Import took 0.023899 seconds .

========================================================================
Received Import Request.
  Time since last request: 17.057202 seconds.
  path: Assets/Scripts/Manager/UIManager.cs
  artifactKey: Guid(75f96447f73a2bd4dbe47cf005efce3d) Importer(815301076,1909f56bfc062723c751e8b465ee728b)
Start importing Assets/Scripts/Manager/UIManager.cs using Guid(75f96447f73a2bd4dbe47cf005efce3d) Importer(815301076,1909f56bfc062723c751e8b465ee728b)  -> (artifact id: '4773f066ffbf6f917c323a053b0f6a17') in 0.013577 seconds 
  Import took 0.032854 seconds .

AssetImportWorkerClient::OnTransportError - code=2 error=End of file
